#
# There is insufficient memory for the Java Runtime Environment to continue.
# Native memory allocation (malloc) failed to allocate 2019376 bytes for Chunk::new
# Possible reasons:
#   The system is out of physical RAM or swap space
#   In 32 bit mode, the process size limit was hit
# Possible solutions:
#   Reduce memory load on the system
#   Increase physical memory or swap space
#   Check if swap backing store is full
#   Use 64 bit Java on a 64 bit OS
#   Decrease Java heap size (-Xmx/-Xms)
#   Decrease number of Java threads
#   Decrease Java thread stack sizes (-Xss)
#   Set larger code cache with -XX:ReservedCodeCacheSize=
# This output file may be truncated or incomplete.
#
#  Out of Memory Error (allocation.cpp:323), pid=9108, tid=7708
#
# JRE version: Java(TM) SE Runtime Environment (7.0_80-b15) (build 1.7.0_80-b15)
# Java VM: Java HotSpot(TM) 64-Bit Server VM (24.80-b11 mixed mode windows-amd64 compressed oops)
# Failed to write core dump. Minidumps are not enabled by default on client versions of Windows
#

---------------  T H R E A D  ---------------

Current thread (0x0000000009c46800):  JavaThread "C2 CompilerThread0" daemon [_thread_in_native, id=7708, stack(0x000000000b690000,0x000000000b790000)]

Stack: [0x000000000b690000,0x000000000b790000]
[error occurred during error reporting (printing stack bounds), id 0xc0000005]


[error occurred during error reporting (printing native stack), id 0xc0000005]


Current CompileTask:
C2:   4173   82             org.jsoup.parser.HtmlTreeBuilderState$7::process (3368 bytes)


---------------  P R O C E S S  ---------------

Java Threads: ( => current thread )
  0x000000000c4c4800 JavaThread "pool-1-thread-20" [_thread_in_vm, id=11936, stack(0x000000000df40000,0x000000000e040000)]
  0x000000000c4c4000 JavaThread "pool-1-thread-19" [_thread_in_vm, id=2776, stack(0x000000000d550000,0x000000000d650000)]
  0x000000000c4c3000 JavaThread "pool-1-thread-18" [_thread_in_Java, id=11872, stack(0x000000000ddb0000,0x000000000deb0000)]
  0x000000000c4c2800 JavaThread "pool-1-thread-17" [_thread_in_vm, id=288, stack(0x000000000dc20000,0x000000000dd20000)]
  0x000000000c4c1800 JavaThread "pool-1-thread-16" [_thread_in_vm, id=10420, stack(0x000000000d9e0000,0x000000000dae0000)]
  0x000000000c4c1000 JavaThread "pool-1-thread-15" [_thread_in_vm, id=11148, stack(0x000000000d7b0000,0x000000000d8b0000)]
  0x000000000c4c0000 JavaThread "pool-1-thread-14" [_thread_in_native, id=6852, stack(0x000000000d660000,0x000000000d760000)]
  0x000000000c4bf800 JavaThread "pool-1-thread-13" [_thread_in_vm, id=8808, stack(0x000000000b580000,0x000000000b680000)]
  0x000000000c4be800 JavaThread "pool-1-thread-12" [_thread_in_Java, id=3420, stack(0x000000000cc80000,0x000000000cd80000)]
  0x000000000c4be000 JavaThread "pool-1-thread-11" [_thread_in_vm, id=12276, stack(0x000000000cfd0000,0x000000000d0d0000)]
  0x000000000c459800 JavaThread "pool-1-thread-10" [_thread_in_vm, id=5780, stack(0x000000000d420000,0x000000000d520000)]
  0x000000000c459000 JavaThread "pool-1-thread-9" [_thread_in_Java, id=11100, stack(0x000000000d1f0000,0x000000000d2f0000)]
  0x000000000c467000 JavaThread "pool-1-thread-8" [_thread_in_Java, id=6104, stack(0x000000000d320000,0x000000000d420000)]
  0x000000000c466000 JavaThread "pool-1-thread-7" [_thread_in_vm, id=11120, stack(0x000000000d0d0000,0x000000000d1d0000)]
  0x000000000c465800 JavaThread "pool-1-thread-6" [_thread_in_vm, id=1864, stack(0x000000000ced0000,0x000000000cfd0000)]
  0x000000000c463800 JavaThread "pool-1-thread-5" [_thread_in_native, id=11420, stack(0x000000000cdb0000,0x000000000ceb0000)]
  0x0000000009f8e000 JavaThread "pool-1-thread-4" [_thread_in_vm, id=3748, stack(0x000000000b370000,0x000000000b470000)]
  0x0000000009f8d800 JavaThread "pool-1-thread-3" [_thread_in_vm, id=10448, stack(0x000000000cb80000,0x000000000cc80000)]
  0x0000000009f6c000 JavaThread "pool-1-thread-2" [_thread_in_vm, id=5696, stack(0x000000000be90000,0x000000000bf90000)]
  0x0000000009dd8800 JavaThread "Keep-Alive-Timer" daemon [_thread_blocked, id=9428, stack(0x000000000c0e0000,0x000000000c1e0000)]
  0x000000000227e800 JavaThread "DestroyJavaVM" [_thread_blocked, id=11032, stack(0x00000000028a0000,0x00000000029a0000)]
  0x0000000009ce9000 JavaThread "pool-1-thread-1" [_thread_in_vm, id=10748, stack(0x000000000bb60000,0x000000000bc60000)]
  0x0000000009c5b000 JavaThread "Service Thread" daemon [_thread_blocked, id=8480, stack(0x000000000b160000,0x000000000b260000)]
  0x0000000009c4d000 JavaThread "C2 CompilerThread1" daemon [_thread_in_vm, id=7692, stack(0x000000000b7c0000,0x000000000b8c0000)]
=>0x0000000009c46800 JavaThread "C2 CompilerThread0" daemon [_thread_in_native, id=7708, stack(0x000000000b690000,0x000000000b790000)]
  0x0000000009c45800 JavaThread "Attach Listener" daemon [_thread_blocked, id=10652, stack(0x000000000b470000,0x000000000b570000)]
  0x0000000009c44800 JavaThread "Signal Dispatcher" daemon [_thread_blocked, id=6276, stack(0x000000000b260000,0x000000000b360000)]
  0x000000000225c000 JavaThread "Finalizer" daemon [_thread_blocked, id=10872, stack(0x000000000b040000,0x000000000b140000)]
  0x0000000008b81800 JavaThread "Reference Handler" daemon [_thread_blocked, id=11052, stack(0x000000000add0000,0x000000000aed0000)]

Other Threads:
  0x0000000008b7d800 VMThread [stack: 0x000000000ac10000,0x000000000ad10000] [id=10272]
  0x0000000009c63800 WatcherThread [stack: 0x000000000b9c0000,0x000000000bac0000] [id=10552]

VM state:not at safepoint (normal execution)

VM Mutex/Monitor currently owned by a thread: None

Heap
 PSYoungGen      total 33280K, used 8110K [0x00000000ec200000, 0x00000000ee500000, 0x0000000100000000)
  eden space 30720K, 18% used [0x00000000ec200000,0x00000000ec771d20,0x00000000ee000000)
  from space 2560K, 99% used [0x00000000ee280000,0x00000000ee4f9b80,0x00000000ee500000)
  to   space 2560K, 0% used [0x00000000ee000000,0x00000000ee000000,0x00000000ee280000)
 ParOldGen       total 40448K, used 10512K [0x00000000c4600000, 0x00000000c6d80000, 0x00000000ec200000)
  object space 40448K, 25% used [0x00000000c4600000,0x00000000c5044120,0x00000000c6d80000)
 PSPermGen       total 21504K, used 5089K [0x00000000bf400000, 0x00000000c0900000, 0x00000000c4600000)
  object space 21504K, 23% used [0x00000000bf400000,0x00000000bf8f8648,0x00000000c0900000)

Card table byte_map: [0x00000000059a0000,0x0000000005bb0000] byte_map_base: 0x00000000053a6000

Polling page: 0x00000000002a0000

Code Cache  [0x00000000029a0000, 0x0000000002c10000, 0x00000000059a0000)
 total_blobs=394 nmethods=182 adapters=164 free_code_cache=48437Kb largest_free_block=49566912

Compilation events (10 events):
Event: 3.339 Thread 0x0000000009c4d000 nmethod 114 0x0000000002a355d0 code [0x0000000002a35760, 0x0000000002a35d08]
Event: 3.339 Thread 0x0000000009c4d000  115             org.jsoup.nodes.Node::reparentChild (21 bytes)
Event: 3.342 Thread 0x0000000009c4d000 nmethod 115 0x0000000002a35350 code [0x0000000002a35480, 0x0000000002a35518]
Event: 3.342 Thread 0x0000000009c4d000  116             org.jsoup.nodes.Node::setParentNode (21 bytes)
Event: 3.343 Thread 0x0000000009c4d000 nmethod 116 0x0000000002a38a50 code [0x0000000002a38b80, 0x0000000002a38c18]
Event: 3.343 Thread 0x0000000009c4d000  117             org.jsoup.nodes.Node::ensureChildNodes (23 bytes)
Event: 3.348 Thread 0x0000000009c4d000 nmethod 117 0x0000000002a3a050 code [0x0000000002a3a1a0, 0x0000000002a3a318]
Event: 3.348 Thread 0x0000000009c4d000  118             org.jsoup.nodes.Element::tagName (8 bytes)
Event: 3.349 Thread 0x0000000009c4d000 nmethod 118 0x0000000002a37010 code [0x0000000002a37140, 0x0000000002a371b8]
Event: 3.349 Thread 0x0000000009c4d000  119             org.jsoup.parser.Token$Tag::newAttribute (121 bytes)

GC Heap History (2 events):
Event: 3.064 GC heap before
{Heap before GC invocations=1 (full 0):
 PSYoungGen      total 17920K, used 15314K [0x00000000ec200000, 0x00000000ed600000, 0x0000000100000000)
  eden space 15360K, 99% used [0x00000000ec200000,0x00000000ed0f4b48,0x00000000ed100000)
  from space 2560K, 0% used [0x00000000ed380000,0x00000000ed380000,0x00000000ed600000)
  to   space 2560K, 0% used [0x00000000ed100000,0x00000000ed100000,0x00000000ed380000)
 ParOldGen       total 40448K, used 0K [0x00000000c4600000, 0x00000000c6d80000, 0x00000000ec200000)
  object space 40448K, 0% used [0x00000000c4600000,0x00000000c4600000,0x00000000c6d80000)
 PSPermGen       total 21504K, used 4997K [0x00000000bf400000, 0x00000000c0900000, 0x00000000c4600000)
  object space 21504K, 23% used [0x00000000bf400000,0x00000000bf8e1438,0x00000000c0900000)
Event: 3.099 GC heap after
Heap after GC invocations=1 (full 0):
 PSYoungGen      total 17920K, used 2556K [0x00000000ec200000, 0x00000000ee500000, 0x0000000100000000)
  eden space 15360K, 0% used [0x00000000ec200000,0x00000000ec200000,0x00000000ed100000)
  from space 2560K, 99% used [0x00000000ed100000,0x00000000ed37f188,0x00000000ed380000)
  to   space 2560K, 0% used [0x00000000ee280000,0x00000000ee280000,0x00000000ee500000)
 ParOldGen       total 40448K, used 1306K [0x00000000c4600000, 0x00000000c6d80000, 0x00000000ec200000)
  object space 40448K, 3% used [0x00000000c4600000,0x00000000c4746aa8,0x00000000c6d80000)
 PSPermGen       total 21504K, used 4997K [0x00000000bf400000, 0x00000000c0900000, 0x00000000c4600000)
  object space 21504K, 23% used [0x00000000bf400000,0x00000000bf8e1438,0x00000000c0900000)
}

Deoptimization events (7 events):
Event: 2.375 Thread 0x0000000009ce9000 Uncommon trap: reason=unstable_if action=reinterpret pc=0x0000000002a04efc method=java.lang.String.indexOf([CII[CIII)I @ 123
Event: 2.400 Thread 0x0000000009ce9000 Uncommon trap: reason=class_check action=maybe_recompile pc=0x0000000002a09244 method=java.util.Properties$LineReader.readLine()I @ 62
Event: 2.401 Thread 0x0000000009ce9000 Uncommon trap: reason=unstable_if action=reinterpret pc=0x0000000002a091f0 method=java.util.Properties$LineReader.readLine()I @ 369
Event: 2.711 Thread 0x0000000009ce9000 Uncommon trap: reason=unstable_if action=reinterpret pc=0x0000000002a1ff34 method=org.jsoup.parser.CharacterReader.consumeToAnySorted([C)Ljava/lang/String; @ 59
Event: 2.722 Thread 0x0000000009ce9000 Uncommon trap: reason=unstable_if action=reinterpret pc=0x0000000002a0b358 method=org.jsoup.parser.Tokeniser.read()Lorg/jsoup/parser/Token; @ 47
Event: 2.836 Thread 0x0000000009ce9000 Uncommon trap: reason=unstable_if action=reinterpret pc=0x0000000002a057c0 method=java.lang.CharacterData.of(I)Ljava/lang/CharacterData; @ 4
Event: 2.975 Thread 0x0000000009f8d800 Uncommon trap: reason=unstable_if action=reinterpret pc=0x0000000002a1084c method=java.lang.CharacterDataLatin1.digit(II)I @ 82

Internal exceptions (10 events):
Event: 2.698 Thread 0x0000000009ce9000 Threw 0x00000000ec7f03c8 at C:\re\jdk7u80\2329\hotspot\src\share\vm\prims\jvm.cpp:1319
Event: 2.699 Thread 0x0000000009ce9000 Threw 0x00000000ec7f2900 at C:\re\jdk7u80\2329\hotspot\src\share\vm\prims\jvm.cpp:1319
Event: 2.703 Thread 0x0000000009ce9000 Threw 0x00000000ec7fba38 at C:\re\jdk7u80\2329\hotspot\src\share\vm\prims\jvm.cpp:1319
Event: 2.704 Thread 0x0000000009ce9000 Threw 0x00000000ec7fe690 at C:\re\jdk7u80\2329\hotspot\src\share\vm\prims\jvm.cpp:1319
Event: 2.801 Thread 0x0000000009ce9000 Threw 0x00000000ec87e1a8 at C:\re\jdk7u80\2329\hotspot\src\share\vm\prims\jvm.cpp:1319
Event: 2.803 Thread 0x0000000009ce9000 Threw 0x00000000ec881718 at C:\re\jdk7u80\2329\hotspot\src\share\vm\prims\jvm.cpp:1319
Event: 2.804 Thread 0x0000000009ce9000 Threw 0x00000000ec884888 at C:\re\jdk7u80\2329\hotspot\src\share\vm\prims\jvm.cpp:1319
Event: 2.946 Thread 0x0000000009ce9000 Threw 0x00000000ec928de8 at C:\re\jdk7u80\2329\hotspot\src\share\vm\prims\jvm.cpp:1319
Event: 2.967 Thread 0x0000000009ce9000 Threw 0x00000000ec9342e8 at C:\re\jdk7u80\2329\hotspot\src\share\vm\prims\jvm.cpp:1319
Event: 2.994 Thread 0x0000000009ce9000 Threw 0x00000000ec948a68 at C:\re\jdk7u80\2329\hotspot\src\share\vm\prims\jvm.cpp:1319

Events (10 events):
Event: 2.981 Thread 0x000000000c4c3000 Thread added: 0x000000000c4c3000
Event: 2.982 Thread 0x000000000c4c4000 Thread added: 0x000000000c4c4000
Event: 2.983 loading class 0x00000000089cf630
Event: 2.983 loading class 0x00000000089cf630 done
Event: 2.983 loading class 0x000000000c484930
Event: 2.983 loading class 0x000000000c484930 done
Event: 2.994 loading class 0x0000000009d1dbb0
Event: 2.994 loading class 0x0000000009d1dbb0 done
Event: 3.063 Executing VM operation: ParallelGCFailedAllocation
Event: 3.099 Executing VM operation: ParallelGCFailedAllocation done


Dynamic libraries:
0x000000013f600000 - 0x000000013f633000 	C:\Program Files\Java\jdk1.7.0_80\bin\javaw.exe
0x00000000776d0000 - 0x0000000077879000 	C:\Windows\SYSTEM32\ntdll.dll
0x00000000775b0000 - 0x00000000776d0000 	C:\Windows\system32\kernel32.dll
0x000007fefd850000 - 0x000007fefd8bc000 	C:\Windows\system32\KERNELBASE.dll
0x000007fefdfb0000 - 0x000007fefe08b000 	C:\Windows\system32\ADVAPI32.dll
0x000007fefe220000 - 0x000007fefe2bf000 	C:\Windows\system32\msvcrt.dll
0x000007fefdd50000 - 0x000007fefdd6f000 	C:\Windows\SYSTEM32\sechost.dll
0x000007fefde80000 - 0x000007fefdfad000 	C:\Windows\system32\RPCRT4.dll
0x00000000774b0000 - 0x00000000775aa000 	C:\Windows\system32\USER32.dll
0x000007fefde10000 - 0x000007fefde77000 	C:\Windows\system32\GDI32.dll
0x000007fefd9e0000 - 0x000007fefd9ee000 	C:\Windows\system32\LPK.dll
0x000007fefe2c0000 - 0x000007fefe389000 	C:\Windows\system32\USP10.dll
0x000007fefbaf0000 - 0x000007fefbce4000 	C:\Windows\WinSxS\amd64_microsoft.windows.common-controls_6595b64144ccf1df_6.0.7601.18837_none_fa3b1e3d17594757\COMCTL32.dll
0x000007fefe470000 - 0x000007fefe4e1000 	C:\Windows\system32\SHLWAPI.dll
0x000007feff7a0000 - 0x000007feff7ce000 	C:\Windows\system32\IMM32.DLL
0x000007fefe4f0000 - 0x000007fefe5f9000 	C:\Windows\system32\MSCTF.dll
0x000007fefd590000 - 0x000007fefd5c1000 	C:\Windows\system32\nvinitx.dll
0x000007fefd580000 - 0x000007fefd58c000 	C:\Windows\system32\VERSION.dll
0x000000000f000000 - 0x000000000f006000 	C:\Program Files\NVIDIA Corporation\CoProcManager\detoured.dll
0x000007fefb160000 - 0x000007fefb191000 	C:\Program Files\NVIDIA Corporation\CoProcManager\nvd3d9wrapx.dll
0x000007fefd9f0000 - 0x000007fefdbc7000 	C:\Windows\system32\SETUPAPI.dll
0x000007fefd8c0000 - 0x000007fefd8f6000 	C:\Windows\system32\CFGMGR32.dll
0x000007fefe390000 - 0x000007fefe467000 	C:\Windows\system32\OLEAUT32.dll
0x000007feff7d0000 - 0x000007feff9d3000 	C:\Windows\system32\ole32.dll
0x000007fefd680000 - 0x000007fefd69a000 	C:\Windows\system32\DEVOBJ.dll
0x000007fefadd0000 - 0x000007fefadf2000 	C:\Program Files\NVIDIA Corporation\CoProcManager\nvdxgiwrapx.dll
0x000000006f340000 - 0x000000006f412000 	C:\Program Files\Java\jdk1.7.0_80\jre\bin\msvcr100.dll
0x000000006bd20000 - 0x000000006c4f9000 	C:\Program Files\Java\jdk1.7.0_80\jre\bin\server\jvm.dll
0x000007fefc2b0000 - 0x000007fefc2b9000 	C:\Windows\system32\WSOCK32.dll
0x000007fefe600000 - 0x000007fefe64d000 	C:\Windows\system32\WS2_32.dll
0x000007feff660000 - 0x000007feff668000 	C:\Windows\system32\NSI.dll
0x000007fefad90000 - 0x000007fefadcb000 	C:\Windows\system32\WINMM.dll
0x0000000077890000 - 0x0000000077897000 	C:\Windows\system32\PSAPI.DLL
0x0000000072cc0000 - 0x0000000072ccf000 	C:\Program Files\Java\jdk1.7.0_80\jre\bin\verify.dll
0x0000000072b40000 - 0x0000000072b68000 	C:\Program Files\Java\jdk1.7.0_80\jre\bin\java.dll
0x0000000072b80000 - 0x0000000072b96000 	C:\Program Files\Java\jdk1.7.0_80\jre\bin\zip.dll
0x0000000072b20000 - 0x0000000072b3a000 	C:\Program Files\Java\jdk1.7.0_80\jre\bin\net.dll
0x000007fefcdf0000 - 0x000007fefce45000 	C:\Windows\system32\mswsock.dll
0x000007fefcde0000 - 0x000007fefcde7000 	C:\Windows\System32\wship6.dll
0x000007fefc790000 - 0x000007fefc797000 	C:\Windows\System32\wshtcpip.dll
0x000007fefcc70000 - 0x000007fefcccb000 	C:\Windows\system32\DNSAPI.dll
0x000007fefc010000 - 0x000007fefc037000 	C:\Windows\system32\IPHLPAPI.DLL
0x000007fefbff0000 - 0x000007fefbffb000 	C:\Windows\system32\WINNSI.DLL
0x000007fef8df0000 - 0x000007fef8df8000 	C:\Windows\system32\rasadhlp.dll
0x000007fefa370000 - 0x000007fefa3c3000 	C:\Windows\System32\fwpuclnt.dll

VM Arguments:
jvm_args: -Dfile.encoding=UTF-8 
java_command: com.yiya.collector.main.Main
Launcher Type: SUN_STANDARD

Environment Variables:
JAVA_HOME=C:\Program Files\Java\jdk1.7.0_80
PATH=C:\Windows\system32;C:\Windows;C:\Windows\System32\Wbem;C:\Windows\System32\WindowsPowerShell\v1.0\;C:\Program Files\Java\jdk1.7.0_80\bin;C:\Program Files\mysql5.6.27\bin;C:\Program Files\TortoiseGit\bin;C:\Program Files\TortoiseSVN\bin
USERNAME=Administrator
OS=Windows_NT
PROCESSOR_IDENTIFIER=Intel64 Family 6 Model 60 Stepping 3, GenuineIntel



---------------  S Y S T E M  ---------------

OS: Windows 7 , 64 bit Build 7601 Service Pack 1

CPU:total 8 (4 cores per cpu, 2 threads per core) family 6 model 60 stepping 3, cmov, cx8, fxsr, mmx, sse, sse2, sse3, ssse3, sse4.1, sse4.2, popcnt, avx, avx2, aes, erms, ht, tsc, tscinvbit

Memory: 4k page, physical 3907276k(1024496k free), swap 15627268k(5616k free)

vm_info: Java HotSpot(TM) 64-Bit Server VM (24.80-b11) for windows-amd64 JRE (1.7.0_80-b15), built on Apr 10 2015 11:26:34 by "java_re" with unknown MS VC++:1600

time: Sun Nov 29 20:24:06 2015
elapsed time: 4 seconds

